2018-12-04 11:07:32.118  INFO 23184 --- [restartedMain] com.SensorSysApplication                 : Starting SensorSysApplication on USER-20180504AW with PID 23184 (D:\tools\eclipse\eclipse\workspace\SensorSysdl\target\classes started by Administrator in D:\tools\eclipse\eclipse\workspace\SensorSysdl)
2018-12-04 11:07:32.125  INFO 23184 --- [restartedMain] com.SensorSysApplication                 : No active profile set, falling back to default profiles: default
2018-12-04 11:07:32.162  INFO 23184 --- [restartedMain] .e.DevToolsPropertyDefaultsPostProcessor : Devtools property defaults active! Set 'spring.devtools.add-properties' to 'false' to disable
2018-12-04 11:07:32.162  INFO 23184 --- [restartedMain] .e.DevToolsPropertyDefaultsPostProcessor : For additional web related logging consider setting the 'logging.level.web' property to 'DEBUG'
2018-12-04 11:07:33.307  INFO 23184 --- [restartedMain] .s.d.r.c.RepositoryConfigurationDelegate : Multiple Spring Data modules found, entering strict repository configuration mode!
2018-12-04 11:07:33.309  INFO 23184 --- [restartedMain] .s.d.r.c.RepositoryConfigurationDelegate : Bootstrapping Spring Data repositories in DEFAULT mode.
2018-12-04 11:07:33.654  INFO 23184 --- [restartedMain] .s.d.r.c.RepositoryConfigurationDelegate : Finished Spring Data repository scanning in 334ms. Found 0 repository interfaces.
2018-12-04 11:07:33.972  INFO 23184 --- [restartedMain] trationDelegate$BeanPostProcessorChecker : Bean 'org.springframework.ws.config.annotation.DelegatingWsConfiguration' of type [org.springframework.ws.config.annotation.DelegatingWsConfiguration$$EnhancerBySpringCGLIB$$2071db86] is not eligible for getting processed by all BeanPostProcessors (for example: not eligible for auto-proxying)
2018-12-04 11:07:33.990  INFO 23184 --- [restartedMain] .w.s.a.s.AnnotationActionEndpointMapping : Supporting [WS-Addressing August 2004, WS-Addressing 1.0]
2018-12-04 11:07:34.034  INFO 23184 --- [restartedMain] trationDelegate$BeanPostProcessorChecker : Bean 'org.springframework.transaction.annotation.ProxyTransactionManagementConfiguration' of type [org.springframework.transaction.annotation.ProxyTransactionManagementConfiguration$$EnhancerBySpringCGLIB$$7bda1687] is not eligible for getting processed by all BeanPostProcessors (for example: not eligible for auto-proxying)
2018-12-04 11:07:34.583  INFO 23184 --- [restartedMain] o.s.b.w.embedded.tomcat.TomcatWebServer  : Tomcat initialized with port(s): 8080 (http)
2018-12-04 11:07:34.612  INFO 23184 --- [restartedMain] o.apache.catalina.core.StandardService   : Starting service [Tomcat]
2018-12-04 11:07:34.613  INFO 23184 --- [restartedMain] org.apache.catalina.core.StandardEngine  : Starting Servlet Engine: Apache Tomcat/9.0.12
2018-12-04 11:07:34.629  INFO 23184 --- [restartedMain] o.a.catalina.core.AprLifecycleListener   : Loaded APR based Apache Tomcat Native library [1.2.17] using APR version [1.6.3].
2018-12-04 11:07:34.629  INFO 23184 --- [restartedMain] o.a.catalina.core.AprLifecycleListener   : APR capabilities: IPv6 [true], sendfile [true], accept filters [false], random [true].
2018-12-04 11:07:34.629  INFO 23184 --- [restartedMain] o.a.catalina.core.AprLifecycleListener   : APR/OpenSSL configuration: useAprConnector [false], useOpenSSL [true]
2018-12-04 11:07:35.649  INFO 23184 --- [restartedMain] o.a.catalina.core.AprLifecycleListener   : OpenSSL successfully initialized [OpenSSL 1.0.2o  27 Mar 2018]
2018-12-04 11:07:35.736  INFO 23184 --- [restartedMain] o.a.c.c.C.[Tomcat].[localhost].[/]       : Initializing Spring embedded WebApplicationContext
2018-12-04 11:07:35.737  INFO 23184 --- [restartedMain] o.s.web.context.ContextLoader            : Root WebApplicationContext: initialization completed in 3575 ms
2018-12-04 11:07:35.775  INFO 23184 --- [restartedMain] o.s.b.w.servlet.ServletRegistrationBean  : Servlet dispatcherServlet mapped to [/]
2018-12-04 11:07:35.777  INFO 23184 --- [restartedMain] o.s.b.w.servlet.ServletRegistrationBean  : Servlet messageDispatcherServlet mapped to [/services/*]
2018-12-04 11:07:35.779  INFO 23184 --- [restartedMain] o.s.b.w.servlet.FilterRegistrationBean   : Mapping filter: 'characterEncodingFilter' to: [/*]
2018-12-04 11:07:35.780  INFO 23184 --- [restartedMain] o.s.b.w.servlet.FilterRegistrationBean   : Mapping filter: 'hiddenHttpMethodFilter' to: [/*]
2018-12-04 11:07:35.780  INFO 23184 --- [restartedMain] o.s.b.w.servlet.FilterRegistrationBean   : Mapping filter: 'formContentFilter' to: [/*]
2018-12-04 11:07:35.780  INFO 23184 --- [restartedMain] o.s.b.w.servlet.FilterRegistrationBean   : Mapping filter: 'requestContextFilter' to: [/*]
2018-12-04 11:07:36.606  INFO 23184 --- [restartedMain] o.s.s.concurrent.ThreadPoolTaskExecutor  : Initializing ExecutorService 'applicationTaskExecutor'
2018-12-04 11:07:36.768  INFO 23184 --- [restartedMain] o.s.b.a.w.s.WelcomePageHandlerMapping    : Adding welcome page template: index
2018-12-04 11:07:36.956  INFO 23184 --- [restartedMain] o.s.s.c.ThreadPoolTaskScheduler          : Initializing ExecutorService 'taskScheduler'
2018-12-04 11:07:37.079  INFO 23184 --- [restartedMain] o.s.b.d.a.OptionalLiveReloadServer       : LiveReload server is running on port 35729
2018-12-04 11:07:37.128  INFO 23184 --- [restartedMain] o.s.b.w.embedded.tomcat.TomcatWebServer  : Tomcat started on port(s): 8080 (http) with context path ''
2018-12-04 11:07:37.130  INFO 23184 --- [restartedMain] com.SensorSysApplication                 : Started SensorSysApplication in 5.281 seconds (JVM running for 5.653)
2018-12-04 11:07:53.882  INFO 23184 --- [http-nio-8080-exec-2] o.a.c.c.C.[Tomcat].[localhost].[/]       : Initializing Spring DispatcherServlet 'dispatcherServlet'
2018-12-04 11:07:53.882  INFO 23184 --- [http-nio-8080-exec-2] o.s.web.servlet.DispatcherServlet        : Initializing Servlet 'dispatcherServlet'
2018-12-04 11:07:53.896  INFO 23184 --- [http-nio-8080-exec-2] o.s.web.servlet.DispatcherServlet        : Completed initialization in 13 ms
2018-12-04 11:07:53.946  INFO 23184 --- [http-nio-8080-exec-2] com.sensor.aspect.HttpRespect            : url=/indexs
2018-12-04 11:07:53.946  INFO 23184 --- [http-nio-8080-exec-2] com.sensor.aspect.HttpRespect            : method=GET
2018-12-04 11:07:53.946  INFO 23184 --- [http-nio-8080-exec-2] com.sensor.aspect.HttpRespect            : ip=0:0:0:0:0:0:0:1
2018-12-04 11:07:53.947  INFO 23184 --- [http-nio-8080-exec-2] com.sensor.aspect.HttpRespect            : class method=com.sensor.controller.UserController.index
2018-12-04 11:07:53.947  INFO 23184 --- [http-nio-8080-exec-2] com.sensor.aspect.HttpRespect            : agrs=ModelAndView [view=[null]; model=null]
2018-12-04 11:07:53.952  INFO 23184 --- [http-nio-8080-exec-2] com.sensor.aspect.HttpRespect            : 222
2018-12-04 11:07:53.952  INFO 23184 --- [http-nio-8080-exec-2] com.sensor.aspect.HttpRespect            : response=ModelAndView [view="network"; model=null]
2018-12-04 11:08:10.677  INFO 23184 --- [http-nio-8080-exec-4] com.sensor.aspect.HttpRespect            : url=/indexs
2018-12-04 11:08:10.677  INFO 23184 --- [http-nio-8080-exec-4] com.sensor.aspect.HttpRespect            : method=GET
2018-12-04 11:08:10.677  INFO 23184 --- [http-nio-8080-exec-4] com.sensor.aspect.HttpRespect            : ip=0:0:0:0:0:0:0:1
2018-12-04 11:08:10.677  INFO 23184 --- [http-nio-8080-exec-4] com.sensor.aspect.HttpRespect            : class method=com.sensor.controller.UserController.index
2018-12-04 11:08:10.677  INFO 23184 --- [http-nio-8080-exec-4] com.sensor.aspect.HttpRespect            : agrs=ModelAndView [view=[null]; model=null]
2018-12-04 11:08:10.677  INFO 23184 --- [http-nio-8080-exec-4] com.sensor.aspect.HttpRespect            : 222
2018-12-04 11:08:10.677  INFO 23184 --- [http-nio-8080-exec-4] com.sensor.aspect.HttpRespect            : response=ModelAndView [view="network"; model=null]
2018-12-04 11:09:00.247  INFO 23184 --- [http-nio-8080-exec-2] com.sensor.aspect.HttpRespect            : url=/indexs
2018-12-04 11:09:00.247  INFO 23184 --- [http-nio-8080-exec-2] com.sensor.aspect.HttpRespect            : method=GET
2018-12-04 11:09:00.247  INFO 23184 --- [http-nio-8080-exec-2] com.sensor.aspect.HttpRespect            : ip=0:0:0:0:0:0:0:1
2018-12-04 11:09:00.247  INFO 23184 --- [http-nio-8080-exec-2] com.sensor.aspect.HttpRespect            : class method=com.sensor.controller.UserController.index
2018-12-04 11:09:00.248  INFO 23184 --- [http-nio-8080-exec-2] com.sensor.aspect.HttpRespect            : agrs=ModelAndView [view=[null]; model=null]
2018-12-04 11:09:00.248  INFO 23184 --- [http-nio-8080-exec-2] com.sensor.aspect.HttpRespect            : 222
2018-12-04 11:09:00.248  INFO 23184 --- [http-nio-8080-exec-2] com.sensor.aspect.HttpRespect            : response=ModelAndView [view="network"; model=null]
2018-12-04 11:09:27.706  INFO 23184 --- [http-nio-8080-exec-4] com.sensor.aspect.HttpRespect            : url=/indexs
2018-12-04 11:09:27.706  INFO 23184 --- [http-nio-8080-exec-4] com.sensor.aspect.HttpRespect            : method=GET
2018-12-04 11:09:27.706  INFO 23184 --- [http-nio-8080-exec-4] com.sensor.aspect.HttpRespect            : ip=0:0:0:0:0:0:0:1
2018-12-04 11:09:27.707  INFO 23184 --- [http-nio-8080-exec-4] com.sensor.aspect.HttpRespect            : class method=com.sensor.controller.UserController.index
2018-12-04 11:09:27.707  INFO 23184 --- [http-nio-8080-exec-4] com.sensor.aspect.HttpRespect            : agrs=ModelAndView [view=[null]; model=null]
2018-12-04 11:09:27.707  INFO 23184 --- [http-nio-8080-exec-4] com.sensor.aspect.HttpRespect            : 222
2018-12-04 11:09:27.707  INFO 23184 --- [http-nio-8080-exec-4] com.sensor.aspect.HttpRespect            : response=ModelAndView [view="network"; model=null]
2018-12-04 11:09:28.349  INFO 23184 --- [http-nio-8080-exec-10] com.sensor.aspect.HttpRespect            : url=/indexs
2018-12-04 11:09:28.350  INFO 23184 --- [http-nio-8080-exec-10] com.sensor.aspect.HttpRespect            : method=GET
2018-12-04 11:09:28.350  INFO 23184 --- [http-nio-8080-exec-10] com.sensor.aspect.HttpRespect            : ip=0:0:0:0:0:0:0:1
2018-12-04 11:09:28.350  INFO 23184 --- [http-nio-8080-exec-10] com.sensor.aspect.HttpRespect            : class method=com.sensor.controller.UserController.index
2018-12-04 11:09:28.350  INFO 23184 --- [http-nio-8080-exec-10] com.sensor.aspect.HttpRespect            : agrs=ModelAndView [view=[null]; model=null]
2018-12-04 11:09:28.350  INFO 23184 --- [http-nio-8080-exec-10] com.sensor.aspect.HttpRespect            : 222
2018-12-04 11:09:28.350  INFO 23184 --- [http-nio-8080-exec-10] com.sensor.aspect.HttpRespect            : response=ModelAndView [view="network"; model=null]
2018-12-04 14:19:11.499  INFO 23184 --- [http-nio-8080-exec-1] com.sensor.aspect.HttpRespect            : url=/indexs
2018-12-04 14:19:11.500  INFO 23184 --- [http-nio-8080-exec-1] com.sensor.aspect.HttpRespect            : method=GET
2018-12-04 14:19:11.500  INFO 23184 --- [http-nio-8080-exec-1] com.sensor.aspect.HttpRespect            : ip=0:0:0:0:0:0:0:1
2018-12-04 14:19:11.500  INFO 23184 --- [http-nio-8080-exec-1] com.sensor.aspect.HttpRespect            : class method=com.sensor.controller.UserController.index
2018-12-04 14:19:11.500  INFO 23184 --- [http-nio-8080-exec-1] com.sensor.aspect.HttpRespect            : agrs=ModelAndView [view=[null]; model=null]
2018-12-04 14:19:11.500  INFO 23184 --- [http-nio-8080-exec-1] com.sensor.aspect.HttpRespect            : 222
2018-12-04 14:19:11.500  INFO 23184 --- [http-nio-8080-exec-1] com.sensor.aspect.HttpRespect            : response=ModelAndView [view="network"; model=null]
2018-12-04 14:19:29.533  INFO 23184 --- [http-nio-8080-exec-2] com.sensor.aspect.HttpRespect            : url=/indexs
2018-12-04 14:19:29.533  INFO 23184 --- [http-nio-8080-exec-2] com.sensor.aspect.HttpRespect            : method=GET
2018-12-04 14:19:29.533  INFO 23184 --- [http-nio-8080-exec-2] com.sensor.aspect.HttpRespect            : ip=0:0:0:0:0:0:0:1
2018-12-04 14:19:29.533  INFO 23184 --- [http-nio-8080-exec-2] com.sensor.aspect.HttpRespect            : class method=com.sensor.controller.UserController.index
2018-12-04 14:19:29.533  INFO 23184 --- [http-nio-8080-exec-2] com.sensor.aspect.HttpRespect            : agrs=ModelAndView [view=[null]; model=null]
2018-12-04 14:19:29.533  INFO 23184 --- [http-nio-8080-exec-2] com.sensor.aspect.HttpRespect            : 222
2018-12-04 14:19:29.533  INFO 23184 --- [http-nio-8080-exec-2] com.sensor.aspect.HttpRespect            : response=ModelAndView [view="network"; model=null]
2018-12-04 14:19:54.888  INFO 23184 --- [http-nio-8080-exec-6] com.sensor.aspect.HttpRespect            : url=/indexs
2018-12-04 14:19:54.888  INFO 23184 --- [http-nio-8080-exec-6] com.sensor.aspect.HttpRespect            : method=GET
2018-12-04 14:19:54.888  INFO 23184 --- [http-nio-8080-exec-6] com.sensor.aspect.HttpRespect            : ip=0:0:0:0:0:0:0:1
2018-12-04 14:19:54.888  INFO 23184 --- [http-nio-8080-exec-6] com.sensor.aspect.HttpRespect            : class method=com.sensor.controller.UserController.index
2018-12-04 14:19:54.888  INFO 23184 --- [http-nio-8080-exec-6] com.sensor.aspect.HttpRespect            : agrs=ModelAndView [view=[null]; model=null]
2018-12-04 14:19:54.888  INFO 23184 --- [http-nio-8080-exec-6] com.sensor.aspect.HttpRespect            : 222
2018-12-04 14:19:54.888  INFO 23184 --- [http-nio-8080-exec-6] com.sensor.aspect.HttpRespect            : response=ModelAndView [view="network"; model=null]
2018-12-04 14:19:55.559  INFO 23184 --- [http-nio-8080-exec-4] com.sensor.aspect.HttpRespect            : url=/indexs
2018-12-04 14:19:55.559  INFO 23184 --- [http-nio-8080-exec-4] com.sensor.aspect.HttpRespect            : method=GET
2018-12-04 14:19:55.559  INFO 23184 --- [http-nio-8080-exec-4] com.sensor.aspect.HttpRespect            : ip=0:0:0:0:0:0:0:1
2018-12-04 14:19:55.559  INFO 23184 --- [http-nio-8080-exec-4] com.sensor.aspect.HttpRespect            : class method=com.sensor.controller.UserController.index
2018-12-04 14:19:55.559  INFO 23184 --- [http-nio-8080-exec-4] com.sensor.aspect.HttpRespect            : agrs=ModelAndView [view=[null]; model=null]
2018-12-04 14:19:55.559  INFO 23184 --- [http-nio-8080-exec-4] com.sensor.aspect.HttpRespect            : 222
2018-12-04 14:19:55.560  INFO 23184 --- [http-nio-8080-exec-4] com.sensor.aspect.HttpRespect            : response=ModelAndView [view="network"; model=null]
2018-12-04 14:19:55.996  INFO 23184 --- [http-nio-8080-exec-10] com.sensor.aspect.HttpRespect            : url=/indexs
2018-12-04 14:19:55.996  INFO 23184 --- [http-nio-8080-exec-10] com.sensor.aspect.HttpRespect            : method=GET
2018-12-04 14:19:55.996  INFO 23184 --- [http-nio-8080-exec-10] com.sensor.aspect.HttpRespect            : ip=0:0:0:0:0:0:0:1
2018-12-04 14:19:55.996  INFO 23184 --- [http-nio-8080-exec-10] com.sensor.aspect.HttpRespect            : class method=com.sensor.controller.UserController.index
2018-12-04 14:19:55.996  INFO 23184 --- [http-nio-8080-exec-10] com.sensor.aspect.HttpRespect            : agrs=ModelAndView [view=[null]; model=null]
2018-12-04 14:19:55.996  INFO 23184 --- [http-nio-8080-exec-10] com.sensor.aspect.HttpRespect            : 222
2018-12-04 14:19:55.996  INFO 23184 --- [http-nio-8080-exec-10] com.sensor.aspect.HttpRespect            : response=ModelAndView [view="network"; model=null]
2018-12-04 14:20:23.600  INFO 23184 --- [http-nio-8080-exec-1] com.sensor.aspect.HttpRespect            : url=/indexs
2018-12-04 14:20:23.601  INFO 23184 --- [http-nio-8080-exec-1] com.sensor.aspect.HttpRespect            : method=GET
2018-12-04 14:20:23.601  INFO 23184 --- [http-nio-8080-exec-1] com.sensor.aspect.HttpRespect            : ip=0:0:0:0:0:0:0:1
2018-12-04 14:20:23.601  INFO 23184 --- [http-nio-8080-exec-1] com.sensor.aspect.HttpRespect            : class method=com.sensor.controller.UserController.index
2018-12-04 14:20:23.601  INFO 23184 --- [http-nio-8080-exec-1] com.sensor.aspect.HttpRespect            : agrs=ModelAndView [view=[null]; model=null]
2018-12-04 14:20:23.601  INFO 23184 --- [http-nio-8080-exec-1] com.sensor.aspect.HttpRespect            : 222
2018-12-04 14:20:23.601  INFO 23184 --- [http-nio-8080-exec-1] com.sensor.aspect.HttpRespect            : response=ModelAndView [view="network"; model=null]
2018-12-04 14:20:24.296  INFO 23184 --- [http-nio-8080-exec-7] com.sensor.aspect.HttpRespect            : url=/indexs
2018-12-04 14:20:24.297  INFO 23184 --- [http-nio-8080-exec-7] com.sensor.aspect.HttpRespect            : method=GET
2018-12-04 14:20:24.297  INFO 23184 --- [http-nio-8080-exec-7] com.sensor.aspect.HttpRespect            : ip=0:0:0:0:0:0:0:1
2018-12-04 14:20:24.297  INFO 23184 --- [http-nio-8080-exec-7] com.sensor.aspect.HttpRespect            : class method=com.sensor.controller.UserController.index
2018-12-04 14:20:24.297  INFO 23184 --- [http-nio-8080-exec-7] com.sensor.aspect.HttpRespect            : agrs=ModelAndView [view=[null]; model=null]
2018-12-04 14:20:24.297  INFO 23184 --- [http-nio-8080-exec-7] com.sensor.aspect.HttpRespect            : 222
2018-12-04 14:20:24.297  INFO 23184 --- [http-nio-8080-exec-7] com.sensor.aspect.HttpRespect            : response=ModelAndView [view="network"; model=null]
2018-12-04 14:20:24.751  INFO 23184 --- [http-nio-8080-exec-2] com.sensor.aspect.HttpRespect            : url=/indexs
2018-12-04 14:20:24.751  INFO 23184 --- [http-nio-8080-exec-2] com.sensor.aspect.HttpRespect            : method=GET
2018-12-04 14:20:24.751  INFO 23184 --- [http-nio-8080-exec-2] com.sensor.aspect.HttpRespect            : ip=0:0:0:0:0:0:0:1
2018-12-04 14:20:24.751  INFO 23184 --- [http-nio-8080-exec-2] com.sensor.aspect.HttpRespect            : class method=com.sensor.controller.UserController.index
2018-12-04 14:20:24.751  INFO 23184 --- [http-nio-8080-exec-2] com.sensor.aspect.HttpRespect            : agrs=ModelAndView [view=[null]; model=null]
2018-12-04 14:20:24.751  INFO 23184 --- [http-nio-8080-exec-2] com.sensor.aspect.HttpRespect            : 222
2018-12-04 14:20:24.751  INFO 23184 --- [http-nio-8080-exec-2] com.sensor.aspect.HttpRespect            : response=ModelAndView [view="network"; model=null]
2018-12-04 14:20:24.977  INFO 23184 --- [http-nio-8080-exec-5] com.sensor.aspect.HttpRespect            : url=/indexs
2018-12-04 14:20:24.978  INFO 23184 --- [http-nio-8080-exec-5] com.sensor.aspect.HttpRespect            : method=GET
2018-12-04 14:20:24.978  INFO 23184 --- [http-nio-8080-exec-5] com.sensor.aspect.HttpRespect            : ip=0:0:0:0:0:0:0:1
2018-12-04 14:20:24.978  INFO 23184 --- [http-nio-8080-exec-5] com.sensor.aspect.HttpRespect            : class method=com.sensor.controller.UserController.index
2018-12-04 14:20:24.979  INFO 23184 --- [http-nio-8080-exec-5] com.sensor.aspect.HttpRespect            : agrs=ModelAndView [view=[null]; model=null]
2018-12-04 14:20:24.979  INFO 23184 --- [http-nio-8080-exec-5] com.sensor.aspect.HttpRespect            : 222
2018-12-04 14:20:24.979  INFO 23184 --- [http-nio-8080-exec-5] com.sensor.aspect.HttpRespect            : response=ModelAndView [view="network"; model=null]
2018-12-04 14:20:25.199  INFO 23184 --- [http-nio-8080-exec-1] com.sensor.aspect.HttpRespect            : url=/indexs
2018-12-04 14:20:25.200  INFO 23184 --- [http-nio-8080-exec-1] com.sensor.aspect.HttpRespect            : method=GET
2018-12-04 14:20:25.200  INFO 23184 --- [http-nio-8080-exec-1] com.sensor.aspect.HttpRespect            : ip=0:0:0:0:0:0:0:1
2018-12-04 14:20:25.200  INFO 23184 --- [http-nio-8080-exec-1] com.sensor.aspect.HttpRespect            : class method=com.sensor.controller.UserController.index
2018-12-04 14:20:25.200  INFO 23184 --- [http-nio-8080-exec-1] com.sensor.aspect.HttpRespect            : agrs=ModelAndView [view=[null]; model=null]
2018-12-04 14:20:25.200  INFO 23184 --- [http-nio-8080-exec-1] com.sensor.aspect.HttpRespect            : 222
2018-12-04 14:20:25.200  INFO 23184 --- [http-nio-8080-exec-1] com.sensor.aspect.HttpRespect            : response=ModelAndView [view="network"; model=null]
2018-12-04 14:20:48.906  INFO 23184 --- [http-nio-8080-exec-9] com.sensor.aspect.HttpRespect            : url=/indexs
2018-12-04 14:20:48.906  INFO 23184 --- [http-nio-8080-exec-9] com.sensor.aspect.HttpRespect            : method=GET
2018-12-04 14:20:48.906  INFO 23184 --- [http-nio-8080-exec-9] com.sensor.aspect.HttpRespect            : ip=0:0:0:0:0:0:0:1
2018-12-04 14:20:48.906  INFO 23184 --- [http-nio-8080-exec-9] com.sensor.aspect.HttpRespect            : class method=com.sensor.controller.UserController.index
2018-12-04 14:20:48.906  INFO 23184 --- [http-nio-8080-exec-9] com.sensor.aspect.HttpRespect            : agrs=ModelAndView [view=[null]; model=null]
2018-12-04 14:20:48.906  INFO 23184 --- [http-nio-8080-exec-9] com.sensor.aspect.HttpRespect            : 222
2018-12-04 14:20:48.907  INFO 23184 --- [http-nio-8080-exec-9] com.sensor.aspect.HttpRespect            : response=ModelAndView [view="network"; model=null]
2018-12-04 14:20:49.366  INFO 23184 --- [http-nio-8080-exec-2] com.sensor.aspect.HttpRespect            : url=/indexs
2018-12-04 14:20:49.366  INFO 23184 --- [http-nio-8080-exec-2] com.sensor.aspect.HttpRespect            : method=GET
2018-12-04 14:20:49.366  INFO 23184 --- [http-nio-8080-exec-2] com.sensor.aspect.HttpRespect            : ip=0:0:0:0:0:0:0:1
2018-12-04 14:20:49.366  INFO 23184 --- [http-nio-8080-exec-2] com.sensor.aspect.HttpRespect            : class method=com.sensor.controller.UserController.index
2018-12-04 14:20:49.366  INFO 23184 --- [http-nio-8080-exec-2] com.sensor.aspect.HttpRespect            : agrs=ModelAndView [view=[null]; model=null]
2018-12-04 14:20:49.367  INFO 23184 --- [http-nio-8080-exec-2] com.sensor.aspect.HttpRespect            : 222
2018-12-04 14:20:49.367  INFO 23184 --- [http-nio-8080-exec-2] com.sensor.aspect.HttpRespect            : response=ModelAndView [view="network"; model=null]
2018-12-04 14:20:49.560  INFO 23184 --- [http-nio-8080-exec-5] com.sensor.aspect.HttpRespect            : url=/indexs
2018-12-04 14:20:49.560  INFO 23184 --- [http-nio-8080-exec-5] com.sensor.aspect.HttpRespect            : method=GET
2018-12-04 14:20:49.560  INFO 23184 --- [http-nio-8080-exec-5] com.sensor.aspect.HttpRespect            : ip=0:0:0:0:0:0:0:1
2018-12-04 14:20:49.560  INFO 23184 --- [http-nio-8080-exec-5] com.sensor.aspect.HttpRespect            : class method=com.sensor.controller.UserController.index
2018-12-04 14:20:49.560  INFO 23184 --- [http-nio-8080-exec-5] com.sensor.aspect.HttpRespect            : agrs=ModelAndView [view=[null]; model=null]
2018-12-04 14:20:49.560  INFO 23184 --- [http-nio-8080-exec-5] com.sensor.aspect.HttpRespect            : 222
2018-12-04 14:20:49.560  INFO 23184 --- [http-nio-8080-exec-5] com.sensor.aspect.HttpRespect            : response=ModelAndView [view="network"; model=null]
2018-12-04 14:20:59.732  INFO 23184 --- [http-nio-8080-exec-4] com.sensor.aspect.HttpRespect            : url=/indexs
2018-12-04 14:20:59.733  INFO 23184 --- [http-nio-8080-exec-4] com.sensor.aspect.HttpRespect            : method=GET
2018-12-04 14:20:59.733  INFO 23184 --- [http-nio-8080-exec-4] com.sensor.aspect.HttpRespect            : ip=0:0:0:0:0:0:0:1
2018-12-04 14:20:59.733  INFO 23184 --- [http-nio-8080-exec-4] com.sensor.aspect.HttpRespect            : class method=com.sensor.controller.UserController.index
2018-12-04 14:20:59.733  INFO 23184 --- [http-nio-8080-exec-4] com.sensor.aspect.HttpRespect            : agrs=ModelAndView [view=[null]; model=null]
2018-12-04 14:20:59.733  INFO 23184 --- [http-nio-8080-exec-4] com.sensor.aspect.HttpRespect            : 222
2018-12-04 14:20:59.733  INFO 23184 --- [http-nio-8080-exec-4] com.sensor.aspect.HttpRespect            : response=ModelAndView [view="network"; model=null]
2018-12-04 14:21:10.976  INFO 23184 --- [http-nio-8080-exec-2] com.sensor.aspect.HttpRespect            : url=/indexs
2018-12-04 14:21:10.976  INFO 23184 --- [http-nio-8080-exec-2] com.sensor.aspect.HttpRespect            : method=GET
2018-12-04 14:21:10.976  INFO 23184 --- [http-nio-8080-exec-2] com.sensor.aspect.HttpRespect            : ip=0:0:0:0:0:0:0:1
2018-12-04 14:21:10.976  INFO 23184 --- [http-nio-8080-exec-2] com.sensor.aspect.HttpRespect            : class method=com.sensor.controller.UserController.index
2018-12-04 14:21:10.976  INFO 23184 --- [http-nio-8080-exec-2] com.sensor.aspect.HttpRespect            : agrs=ModelAndView [view=[null]; model=null]
2018-12-04 14:21:10.976  INFO 23184 --- [http-nio-8080-exec-2] com.sensor.aspect.HttpRespect            : 222
2018-12-04 14:21:10.976  INFO 23184 --- [http-nio-8080-exec-2] com.sensor.aspect.HttpRespect            : response=ModelAndView [view="network"; model=null]
2018-12-04 14:21:55.357  INFO 23184 --- [http-nio-8080-exec-1] com.sensor.aspect.HttpRespect            : url=/indexs
2018-12-04 14:21:55.357  INFO 23184 --- [http-nio-8080-exec-1] com.sensor.aspect.HttpRespect            : method=GET
2018-12-04 14:21:55.357  INFO 23184 --- [http-nio-8080-exec-1] com.sensor.aspect.HttpRespect            : ip=0:0:0:0:0:0:0:1
2018-12-04 14:21:55.357  INFO 23184 --- [http-nio-8080-exec-1] com.sensor.aspect.HttpRespect            : class method=com.sensor.controller.UserController.index
2018-12-04 14:21:55.357  INFO 23184 --- [http-nio-8080-exec-1] com.sensor.aspect.HttpRespect            : agrs=ModelAndView [view=[null]; model=null]
2018-12-04 14:21:55.357  INFO 23184 --- [http-nio-8080-exec-1] com.sensor.aspect.HttpRespect            : 222
2018-12-04 14:21:55.357  INFO 23184 --- [http-nio-8080-exec-1] com.sensor.aspect.HttpRespect            : response=ModelAndView [view="network"; model=null]
2018-12-04 14:21:56.013  INFO 23184 --- [http-nio-8080-exec-4] com.sensor.aspect.HttpRespect            : url=/indexs
2018-12-04 14:21:56.013  INFO 23184 --- [http-nio-8080-exec-4] com.sensor.aspect.HttpRespect            : method=GET
2018-12-04 14:21:56.013  INFO 23184 --- [http-nio-8080-exec-4] com.sensor.aspect.HttpRespect            : ip=0:0:0:0:0:0:0:1
2018-12-04 14:21:56.013  INFO 23184 --- [http-nio-8080-exec-4] com.sensor.aspect.HttpRespect            : class method=com.sensor.controller.UserController.index
2018-12-04 14:21:56.013  INFO 23184 --- [http-nio-8080-exec-4] com.sensor.aspect.HttpRespect            : agrs=ModelAndView [view=[null]; model=null]
2018-12-04 14:21:56.013  INFO 23184 --- [http-nio-8080-exec-4] com.sensor.aspect.HttpRespect            : 222
2018-12-04 14:21:56.013  INFO 23184 --- [http-nio-8080-exec-4] com.sensor.aspect.HttpRespect            : response=ModelAndView [view="network"; model=null]
2018-12-04 14:21:56.251  INFO 23184 --- [http-nio-8080-exec-9] com.sensor.aspect.HttpRespect            : url=/indexs
2018-12-04 14:21:56.251  INFO 23184 --- [http-nio-8080-exec-9] com.sensor.aspect.HttpRespect            : method=GET
2018-12-04 14:21:56.251  INFO 23184 --- [http-nio-8080-exec-9] com.sensor.aspect.HttpRespect            : ip=0:0:0:0:0:0:0:1
2018-12-04 14:21:56.251  INFO 23184 --- [http-nio-8080-exec-9] com.sensor.aspect.HttpRespect            : class method=com.sensor.controller.UserController.index
2018-12-04 14:21:56.251  INFO 23184 --- [http-nio-8080-exec-9] com.sensor.aspect.HttpRespect            : agrs=ModelAndView [view=[null]; model=null]
2018-12-04 14:21:56.252  INFO 23184 --- [http-nio-8080-exec-9] com.sensor.aspect.HttpRespect            : 222
2018-12-04 14:21:56.252  INFO 23184 --- [http-nio-8080-exec-9] com.sensor.aspect.HttpRespect            : response=ModelAndView [view="network"; model=null]
2018-12-04 14:21:56.744  INFO 23184 --- [http-nio-8080-exec-2] com.sensor.aspect.HttpRespect            : url=/indexs
2018-12-04 14:21:56.744  INFO 23184 --- [http-nio-8080-exec-2] com.sensor.aspect.HttpRespect            : method=GET
2018-12-04 14:21:56.744  INFO 23184 --- [http-nio-8080-exec-2] com.sensor.aspect.HttpRespect            : ip=0:0:0:0:0:0:0:1
2018-12-04 14:21:56.744  INFO 23184 --- [http-nio-8080-exec-2] com.sensor.aspect.HttpRespect            : class method=com.sensor.controller.UserController.index
2018-12-04 14:21:56.744  INFO 23184 --- [http-nio-8080-exec-2] com.sensor.aspect.HttpRespect            : agrs=ModelAndView [view=[null]; model=null]
2018-12-04 14:21:56.744  INFO 23184 --- [http-nio-8080-exec-2] com.sensor.aspect.HttpRespect            : 222
2018-12-04 14:21:56.744  INFO 23184 --- [http-nio-8080-exec-2] com.sensor.aspect.HttpRespect            : response=ModelAndView [view="network"; model=null]
2018-12-04 14:21:57.218  INFO 23184 --- [http-nio-8080-exec-5] com.sensor.aspect.HttpRespect            : url=/indexs
2018-12-04 14:21:57.218  INFO 23184 --- [http-nio-8080-exec-5] com.sensor.aspect.HttpRespect            : method=GET
2018-12-04 14:21:57.218  INFO 23184 --- [http-nio-8080-exec-5] com.sensor.aspect.HttpRespect            : ip=0:0:0:0:0:0:0:1
2018-12-04 14:21:57.218  INFO 23184 --- [http-nio-8080-exec-5] com.sensor.aspect.HttpRespect            : class method=com.sensor.controller.UserController.index
2018-12-04 14:21:57.218  INFO 23184 --- [http-nio-8080-exec-5] com.sensor.aspect.HttpRespect            : agrs=ModelAndView [view=[null]; model=null]
2018-12-04 14:21:57.218  INFO 23184 --- [http-nio-8080-exec-5] com.sensor.aspect.HttpRespect            : 222
2018-12-04 14:21:57.218  INFO 23184 --- [http-nio-8080-exec-5] com.sensor.aspect.HttpRespect            : response=ModelAndView [view="network"; model=null]
2018-12-04 14:25:23.125  INFO 23184 --- [http-nio-8080-exec-7] com.sensor.aspect.HttpRespect            : url=/indexs
2018-12-04 14:25:23.125  INFO 23184 --- [http-nio-8080-exec-7] com.sensor.aspect.HttpRespect            : method=GET
2018-12-04 14:25:23.125  INFO 23184 --- [http-nio-8080-exec-7] com.sensor.aspect.HttpRespect            : ip=0:0:0:0:0:0:0:1
2018-12-04 14:25:23.125  INFO 23184 --- [http-nio-8080-exec-7] com.sensor.aspect.HttpRespect            : class method=com.sensor.controller.UserController.index
2018-12-04 14:25:23.126  INFO 23184 --- [http-nio-8080-exec-7] com.sensor.aspect.HttpRespect            : agrs=ModelAndView [view=[null]; model=null]
2018-12-04 14:25:23.126  INFO 23184 --- [http-nio-8080-exec-7] com.sensor.aspect.HttpRespect            : 222
2018-12-04 14:25:23.126  INFO 23184 --- [http-nio-8080-exec-7] com.sensor.aspect.HttpRespect            : response=ModelAndView [view="network"; model=null]
2018-12-04 14:25:24.025  INFO 23184 --- [http-nio-8080-exec-2] com.sensor.aspect.HttpRespect            : url=/indexs
2018-12-04 14:25:24.025  INFO 23184 --- [http-nio-8080-exec-2] com.sensor.aspect.HttpRespect            : method=GET
2018-12-04 14:25:24.025  INFO 23184 --- [http-nio-8080-exec-2] com.sensor.aspect.HttpRespect            : ip=0:0:0:0:0:0:0:1
2018-12-04 14:25:24.026  INFO 23184 --- [http-nio-8080-exec-2] com.sensor.aspect.HttpRespect            : class method=com.sensor.controller.UserController.index
2018-12-04 14:25:24.026  INFO 23184 --- [http-nio-8080-exec-2] com.sensor.aspect.HttpRespect            : agrs=ModelAndView [view=[null]; model=null]
2018-12-04 14:25:24.026  INFO 23184 --- [http-nio-8080-exec-2] com.sensor.aspect.HttpRespect            : 222
2018-12-04 14:25:24.026  INFO 23184 --- [http-nio-8080-exec-2] com.sensor.aspect.HttpRespect            : response=ModelAndView [view="network"; model=null]
2018-12-04 14:25:24.676  INFO 23184 --- [http-nio-8080-exec-6] com.sensor.aspect.HttpRespect            : url=/indexs
2018-12-04 14:25:24.677  INFO 23184 --- [http-nio-8080-exec-6] com.sensor.aspect.HttpRespect            : method=GET
2018-12-04 14:25:24.677  INFO 23184 --- [http-nio-8080-exec-6] com.sensor.aspect.HttpRespect            : ip=0:0:0:0:0:0:0:1
2018-12-04 14:25:24.677  INFO 23184 --- [http-nio-8080-exec-6] com.sensor.aspect.HttpRespect            : class method=com.sensor.controller.UserController.index
2018-12-04 14:25:24.677  INFO 23184 --- [http-nio-8080-exec-6] com.sensor.aspect.HttpRespect            : agrs=ModelAndView [view=[null]; model=null]
2018-12-04 14:25:24.677  INFO 23184 --- [http-nio-8080-exec-6] com.sensor.aspect.HttpRespect            : 222
2018-12-04 14:25:24.677  INFO 23184 --- [http-nio-8080-exec-6] com.sensor.aspect.HttpRespect            : response=ModelAndView [view="network"; model=null]
2018-12-04 14:29:17.246  INFO 23184 --- [http-nio-8080-exec-9] com.sensor.aspect.HttpRespect            : url=/indexs
2018-12-04 14:29:17.246  INFO 23184 --- [http-nio-8080-exec-9] com.sensor.aspect.HttpRespect            : method=GET
2018-12-04 14:29:17.246  INFO 23184 --- [http-nio-8080-exec-9] com.sensor.aspect.HttpRespect            : ip=0:0:0:0:0:0:0:1
2018-12-04 14:29:17.246  INFO 23184 --- [http-nio-8080-exec-9] com.sensor.aspect.HttpRespect            : class method=com.sensor.controller.UserController.index
2018-12-04 14:29:17.247  INFO 23184 --- [http-nio-8080-exec-9] com.sensor.aspect.HttpRespect            : agrs=ModelAndView [view=[null]; model=null]
2018-12-04 14:29:17.247  INFO 23184 --- [http-nio-8080-exec-9] com.sensor.aspect.HttpRespect            : 222
2018-12-04 14:29:17.247  INFO 23184 --- [http-nio-8080-exec-9] com.sensor.aspect.HttpRespect            : response=ModelAndView [view="network"; model=null]
2018-12-04 14:29:30.716  INFO 23184 --- [http-nio-8080-exec-5] com.sensor.aspect.HttpRespect            : url=/indexs
2018-12-04 14:29:30.716  INFO 23184 --- [http-nio-8080-exec-5] com.sensor.aspect.HttpRespect            : method=GET
2018-12-04 14:29:30.716  INFO 23184 --- [http-nio-8080-exec-5] com.sensor.aspect.HttpRespect            : ip=0:0:0:0:0:0:0:1
2018-12-04 14:29:30.716  INFO 23184 --- [http-nio-8080-exec-5] com.sensor.aspect.HttpRespect            : class method=com.sensor.controller.UserController.index
2018-12-04 14:29:30.716  INFO 23184 --- [http-nio-8080-exec-5] com.sensor.aspect.HttpRespect            : agrs=ModelAndView [view=[null]; model=null]
2018-12-04 14:29:30.716  INFO 23184 --- [http-nio-8080-exec-5] com.sensor.aspect.HttpRespect            : 222
2018-12-04 14:29:30.717  INFO 23184 --- [http-nio-8080-exec-5] com.sensor.aspect.HttpRespect            : response=ModelAndView [view="network"; model=null]
2018-12-04 14:29:51.509  INFO 23184 --- [http-nio-8080-exec-4] com.sensor.aspect.HttpRespect            : url=/indexs
2018-12-04 14:29:51.510  INFO 23184 --- [http-nio-8080-exec-4] com.sensor.aspect.HttpRespect            : method=GET
2018-12-04 14:29:51.510  INFO 23184 --- [http-nio-8080-exec-4] com.sensor.aspect.HttpRespect            : ip=0:0:0:0:0:0:0:1
2018-12-04 14:29:51.510  INFO 23184 --- [http-nio-8080-exec-4] com.sensor.aspect.HttpRespect            : class method=com.sensor.controller.UserController.index
2018-12-04 14:29:51.510  INFO 23184 --- [http-nio-8080-exec-4] com.sensor.aspect.HttpRespect            : agrs=ModelAndView [view=[null]; model=null]
2018-12-04 14:29:51.510  INFO 23184 --- [http-nio-8080-exec-4] com.sensor.aspect.HttpRespect            : 222
2018-12-04 14:29:51.510  INFO 23184 --- [http-nio-8080-exec-4] com.sensor.aspect.HttpRespect            : response=ModelAndView [view="network"; model=null]
2018-12-04 14:30:07.412  INFO 23184 --- [http-nio-8080-exec-2] com.sensor.aspect.HttpRespect            : url=/indexs
2018-12-04 14:30:07.412  INFO 23184 --- [http-nio-8080-exec-2] com.sensor.aspect.HttpRespect            : method=GET
2018-12-04 14:30:07.412  INFO 23184 --- [http-nio-8080-exec-2] com.sensor.aspect.HttpRespect            : ip=0:0:0:0:0:0:0:1
2018-12-04 14:30:07.412  INFO 23184 --- [http-nio-8080-exec-2] com.sensor.aspect.HttpRespect            : class method=com.sensor.controller.UserController.index
2018-12-04 14:30:07.412  INFO 23184 --- [http-nio-8080-exec-2] com.sensor.aspect.HttpRespect            : agrs=ModelAndView [view=[null]; model=null]
2018-12-04 14:30:07.413  INFO 23184 --- [http-nio-8080-exec-2] com.sensor.aspect.HttpRespect            : 222
2018-12-04 14:30:07.413  INFO 23184 --- [http-nio-8080-exec-2] com.sensor.aspect.HttpRespect            : response=ModelAndView [view="network"; model=null]
2018-12-04 14:30:23.125  INFO 23184 --- [http-nio-8080-exec-1] com.sensor.aspect.HttpRespect            : url=/indexs
2018-12-04 14:30:23.125  INFO 23184 --- [http-nio-8080-exec-1] com.sensor.aspect.HttpRespect            : method=GET
2018-12-04 14:30:23.125  INFO 23184 --- [http-nio-8080-exec-1] com.sensor.aspect.HttpRespect            : ip=0:0:0:0:0:0:0:1
2018-12-04 14:30:23.125  INFO 23184 --- [http-nio-8080-exec-1] com.sensor.aspect.HttpRespect            : class method=com.sensor.controller.UserController.index
2018-12-04 14:30:23.125  INFO 23184 --- [http-nio-8080-exec-1] com.sensor.aspect.HttpRespect            : agrs=ModelAndView [view=[null]; model=null]
2018-12-04 14:30:23.125  INFO 23184 --- [http-nio-8080-exec-1] com.sensor.aspect.HttpRespect            : 222
2018-12-04 14:30:23.125  INFO 23184 --- [http-nio-8080-exec-1] com.sensor.aspect.HttpRespect            : response=ModelAndView [view="network"; model=null]
2018-12-04 14:30:54.755  INFO 23184 --- [http-nio-8080-exec-9] com.sensor.aspect.HttpRespect            : url=/indexs
2018-12-04 14:30:54.756  INFO 23184 --- [http-nio-8080-exec-9] com.sensor.aspect.HttpRespect            : method=GET
2018-12-04 14:30:54.756  INFO 23184 --- [http-nio-8080-exec-9] com.sensor.aspect.HttpRespect            : ip=0:0:0:0:0:0:0:1
2018-12-04 14:30:54.756  INFO 23184 --- [http-nio-8080-exec-9] com.sensor.aspect.HttpRespect            : class method=com.sensor.controller.UserController.index
2018-12-04 14:30:54.756  INFO 23184 --- [http-nio-8080-exec-9] com.sensor.aspect.HttpRespect            : agrs=ModelAndView [view=[null]; model=null]
2018-12-04 14:30:54.756  INFO 23184 --- [http-nio-8080-exec-9] com.sensor.aspect.HttpRespect            : 222
2018-12-04 14:30:54.756  INFO 23184 --- [http-nio-8080-exec-9] com.sensor.aspect.HttpRespect            : response=ModelAndView [view="network"; model=null]
2018-12-04 14:32:00.896  INFO 23184 --- [http-nio-8080-exec-6] com.sensor.aspect.HttpRespect            : url=/indexs
2018-12-04 14:32:00.896  INFO 23184 --- [http-nio-8080-exec-6] com.sensor.aspect.HttpRespect            : method=GET
2018-12-04 14:32:00.896  INFO 23184 --- [http-nio-8080-exec-6] com.sensor.aspect.HttpRespect            : ip=0:0:0:0:0:0:0:1
2018-12-04 14:32:00.896  INFO 23184 --- [http-nio-8080-exec-6] com.sensor.aspect.HttpRespect            : class method=com.sensor.controller.UserController.index
2018-12-04 14:32:00.896  INFO 23184 --- [http-nio-8080-exec-6] com.sensor.aspect.HttpRespect            : agrs=ModelAndView [view=[null]; model=null]
2018-12-04 14:32:00.896  INFO 23184 --- [http-nio-8080-exec-6] com.sensor.aspect.HttpRespect            : 222
2018-12-04 14:32:00.896  INFO 23184 --- [http-nio-8080-exec-6] com.sensor.aspect.HttpRespect            : response=ModelAndView [view="network"; model=null]
2018-12-04 14:35:13.807  INFO 23184 --- [http-nio-8080-exec-9] com.sensor.aspect.HttpRespect            : url=/indexs
2018-12-04 14:35:13.808  INFO 23184 --- [http-nio-8080-exec-9] com.sensor.aspect.HttpRespect            : method=GET
2018-12-04 14:35:13.808  INFO 23184 --- [http-nio-8080-exec-9] com.sensor.aspect.HttpRespect            : ip=0:0:0:0:0:0:0:1
2018-12-04 14:35:13.808  INFO 23184 --- [http-nio-8080-exec-9] com.sensor.aspect.HttpRespect            : class method=com.sensor.controller.UserController.index
2018-12-04 14:35:13.808  INFO 23184 --- [http-nio-8080-exec-9] com.sensor.aspect.HttpRespect            : agrs=ModelAndView [view=[null]; model=null]
2018-12-04 14:35:13.808  INFO 23184 --- [http-nio-8080-exec-9] com.sensor.aspect.HttpRespect            : 222
2018-12-04 14:35:13.808  INFO 23184 --- [http-nio-8080-exec-9] com.sensor.aspect.HttpRespect            : response=ModelAndView [view="network"; model=null]
2018-12-04 14:35:38.834  INFO 23184 --- [http-nio-8080-exec-5] com.sensor.aspect.HttpRespect            : url=/indexs
2018-12-04 14:35:38.835  INFO 23184 --- [http-nio-8080-exec-5] com.sensor.aspect.HttpRespect            : method=GET
2018-12-04 14:35:38.835  INFO 23184 --- [http-nio-8080-exec-5] com.sensor.aspect.HttpRespect            : ip=0:0:0:0:0:0:0:1
2018-12-04 14:35:38.835  INFO 23184 --- [http-nio-8080-exec-5] com.sensor.aspect.HttpRespect            : class method=com.sensor.controller.UserController.index
2018-12-04 14:35:38.835  INFO 23184 --- [http-nio-8080-exec-5] com.sensor.aspect.HttpRespect            : agrs=ModelAndView [view=[null]; model=null]
2018-12-04 14:35:38.835  INFO 23184 --- [http-nio-8080-exec-5] com.sensor.aspect.HttpRespect            : 222
2018-12-04 14:35:38.835  INFO 23184 --- [http-nio-8080-exec-5] com.sensor.aspect.HttpRespect            : response=ModelAndView [view="network"; model=null]
